#
# There is insufficient memory for the Java Runtime Environment to continue.
# Native memory allocation (malloc) failed to allocate 37936 bytes for Chunk::new
# Possible reasons:
#   The system is out of physical RAM or swap space
#   In 32 bit mode, the process size limit was hit
# Possible solutions:
#   Reduce memory load on the system
#   Increase physical memory or swap space
#   Check if swap backing store is full
#   Use 64 bit Java on a 64 bit OS
#   Decrease Java heap size (-Xmx/-Xms)
#   Decrease number of Java threads
#   Decrease Java thread stack sizes (-Xss)
#   Set larger code cache with -XX:ReservedCodeCacheSize=
# This output file may be truncated or incomplete.
#
#  Out of Memory Error (allocation.cpp:390), pid=30044, tid=0x0000000000007838
#
# JRE version: OpenJDK Runtime Environment (8.0) (build 1.8.0-adoptopenjdk-_2018_05_19_00_59-b00)
# Java VM: OpenJDK 64-Bit Server VM (25.71-b00 mixed mode windows-amd64 compressed oops)
# Failed to write core dump. Minidumps are not enabled by default on client versions of Windows
#

---------------  T H R E A D  ---------------

Current thread (0x000000001eb69000):  JavaThread "C2 CompilerThread0" daemon [_thread_in_native, id=30776, stack(0x000000001f230000,0x000000001f330000)]

Stack: [0x000000001f230000,0x000000001f330000]
[error occurred during error reporting (printing stack bounds), id 0xc0000005]

Native frames: (J=compiled Java code, j=interpreted, Vv=VM code, C=native code)


Current CompileTask:
C2:    176   44  s    4       java.lang.StringBuffer::append (13 bytes)


---------------  P R O C E S S  ---------------

Java Threads: ( => current thread )
  0x000000001ec66000 JavaThread "Service Thread" daemon [_thread_blocked, id=30960, stack(0x000000001f630000,0x000000001f730000)]
  0x000000001ebda000 JavaThread "C1 CompilerThread3" daemon [_thread_blocked, id=32420, stack(0x000000001f530000,0x000000001f630000)]
  0x000000001ebd4800 JavaThread "C2 CompilerThread2" daemon [_thread_blocked, id=31240, stack(0x000000001f430000,0x000000001f530000)]
  0x000000001ebc2800 JavaThread "C2 CompilerThread1" daemon [_thread_blocked, id=32024, stack(0x000000001f330000,0x000000001f430000)]
=>0x000000001eb69000 JavaThread "C2 CompilerThread0" daemon [_thread_in_native, id=30776, stack(0x000000001f230000,0x000000001f330000)]
  0x000000001eb67800 JavaThread "Attach Listener" daemon [_thread_blocked, id=16724, stack(0x000000001f130000,0x000000001f230000)]
  0x000000001ebc0800 JavaThread "Signal Dispatcher" daemon [_thread_blocked, id=14252, stack(0x000000001f030000,0x000000001f130000)]
  0x000000001eb51000 JavaThread "Finalizer" daemon [_thread_blocked, id=26708, stack(0x000000001ef30000,0x000000001f030000)]
  0x00000000031aa000 JavaThread "Reference Handler" daemon [_thread_blocked, id=32468, stack(0x000000001ea30000,0x000000001eb30000)]
  0x00000000030b3800 JavaThread "main" [_thread_in_vm, id=17724, stack(0x0000000002b90000,0x0000000002c90000)]

Other Threads:
  0x000000001cc67800 VMThread [stack: 0x000000001e930000,0x000000001ea30000] [id=26864]
  0x000000001ec20800 WatcherThread [stack: 0x000000001f730000,0x000000001f830000] [id=30348]

VM state:not at safepoint (normal execution)

VM Mutex/Monitor currently owned by a thread: None

Heap:
 PSYoungGen      total 76288K, used 4000K [0x000000076ae00000, 0x0000000770300000, 0x00000007c0000000)
  eden space 65536K, 6% used [0x000000076ae00000,0x000000076b1e8110,0x000000076ee00000)
  from space 10752K, 0% used [0x000000076f880000,0x000000076f880000,0x0000000770300000)
  to   space 10752K, 0% used [0x000000076ee00000,0x000000076ee00000,0x000000076f880000)
 ParOldGen       total 175104K, used 0K [0x00000006c0a00000, 0x00000006cb500000, 0x000000076ae00000)
  object space 175104K, 0% used [0x00000006c0a00000,0x00000006c0a00000,0x00000006cb500000)
 Metaspace       used 3611K, capacity 4780K, committed 5120K, reserved 1056768K
  class space    used 383K, capacity 424K, committed 512K, reserved 1048576K

Card table byte_map: [0x0000000012570000,0x0000000012d70000] byte_map_base: 0x000000000ef6b000

Marking Bits: (ParMarkBitMap*) 0x000000006b02be50
 Begin Bits: [0x0000000013ad0000, 0x0000000017aa8000)
 End Bits:   [0x0000000017aa8000, 0x000000001ba80000)

Polling page: 0x0000000000ed0000

CodeCache: size=245760Kb used=1315Kb max_used=1315Kb free=244444Kb
 bounds [0x00000000031b0000, 0x0000000003420000, 0x00000000121b0000]
 total_blobs=367 nmethods=123 adapters=158
 compilation: enabled

Compilation events (10 events):
Event: 0.100 Thread 0x000000001ebda000 nmethod 41 0x00000000032c6010 code [0x00000000032c6160, 0x00000000032c6270]
Event: 0.103 Thread 0x000000001ebd4800   42       4       java.io.WinNTFileSystem::isSlash (18 bytes)
Event: 0.103 Thread 0x000000001ebd4800 nmethod 42 0x00000000032cee90 code [0x00000000032cefc0, 0x00000000032cf038]
Event: 0.107 Thread 0x000000001ebda000   43       1       java.net.URL::getFile (5 bytes)
Event: 0.107 Thread 0x000000001ebda000 nmethod 43 0x00000000032cebd0 code [0x00000000032ced20, 0x00000000032cee30]
Event: 0.109 Thread 0x000000001eb69000   44  s    4       java.lang.StringBuffer::append (13 bytes)
Event: 0.110 Thread 0x000000001ebda000   45       3       java.lang.String::lastIndexOf (52 bytes)
Event: 0.110 Thread 0x000000001ebc2800   46       4       sun.nio.cs.ext.DoubleByte$Encoder::encodeChar (21 bytes)
Event: 0.110 Thread 0x000000001ebda000 nmethod 45 0x00000000032ce510 code [0x00000000032ce6a0, 0x00000000032cea48]
Event: 0.110 Thread 0x000000001ebc2800 nmethod 46 0x00000000032cccd0 code [0x00000000032cce20, 0x00000000032ccf18]

GC Heap History (0 events):
No events

Deoptimization events (0 events):
No events

Classes redefined (0 events):
No events

Internal exceptions (10 events):
Event: 0.084 Thread 0x00000000030b3800 Exception <a 'java/security/PrivilegedActionException'> (0x000000076aed6710) thrown at [C:\Users\jenkins\workspace\openjdk8_build_x86-64_windows\openjdk\hotspot\src\share\vm\prims\jvm.cpp, line 1435]
Event: 0.084 Thread 0x00000000030b3800 Exception <a 'java/security/PrivilegedActionException'> (0x000000076aed6920) thrown at [C:\Users\jenkins\workspace\openjdk8_build_x86-64_windows\openjdk\hotspot\src\share\vm\prims\jvm.cpp, line 1435]
Event: 0.096 Thread 0x00000000030b3800 Exception <a 'java/security/PrivilegedActionException'> (0x000000076aeea678) thrown at [C:\Users\jenkins\workspace\openjdk8_build_x86-64_windows\openjdk\hotspot\src\share\vm\prims\jvm.cpp, line 1435]
Event: 0.096 Thread 0x00000000030b3800 Exception <a 'java/security/PrivilegedActionException'> (0x000000076aeea888) thrown at [C:\Users\jenkins\workspace\openjdk8_build_x86-64_windows\openjdk\hotspot\src\share\vm\prims\jvm.cpp, line 1435]
Event: 0.098 Thread 0x00000000030b3800 Exception <a 'java/security/PrivilegedActionException'> (0x000000076aeeef80) thrown at [C:\Users\jenkins\workspace\openjdk8_build_x86-64_windows\openjdk\hotspot\src\share\vm\prims\jvm.cpp, line 1435]
Event: 0.098 Thread 0x00000000030b3800 Exception <a 'java/security/PrivilegedActionException'> (0x000000076aeef190) thrown at [C:\Users\jenkins\workspace\openjdk8_build_x86-64_windows\openjdk\hotspot\src\share\vm\prims\jvm.cpp, line 1435]
Event: 0.100 Thread 0x00000000030b3800 Exception <a 'java/security/PrivilegedActionException'> (0x000000076aef7878) thrown at [C:\Users\jenkins\workspace\openjdk8_build_x86-64_windows\openjdk\hotspot\src\share\vm\prims\jvm.cpp, line 1435]
Event: 0.100 Thread 0x00000000030b3800 Exception <a 'java/security/PrivilegedActionException'> (0x000000076aef7a88) thrown at [C:\Users\jenkins\workspace\openjdk8_build_x86-64_windows\openjdk\hotspot\src\share\vm\prims\jvm.cpp, line 1435]
Event: 0.102 Thread 0x00000000030b3800 Exception <a 'java/security/PrivilegedActionException'> (0x000000076aefa470) thrown at [C:\Users\jenkins\workspace\openjdk8_build_x86-64_windows\openjdk\hotspot\src\share\vm\prims\jvm.cpp, line 1435]
Event: 0.102 Thread 0x00000000030b3800 Exception <a 'java/security/PrivilegedActionException'> (0x000000076aefa680) thrown at [C:\Users\jenkins\workspace\openjdk8_build_x86-64_windows\openjdk\hotspot\src\share\vm\prims\jvm.cpp, line 1435]

Events (10 events):
Event: 0.083 loading class java/util/jar/JarVerifier$3
Event: 0.083 loading class java/util/jar/JarVerifier$3 done
Event: 0.083 loading class java/io/ByteArrayOutputStream
Event: 0.083 loading class java/io/ByteArrayOutputStream done
Event: 0.084 loading class java/io/FileNotFoundException
Event: 0.084 loading class java/io/IOException
Event: 0.084 loading class java/io/IOException done
Event: 0.084 loading class java/io/FileNotFoundException done
Event: 0.084 loading class java/security/PrivilegedActionException
Event: 0.084 loading class java/security/PrivilegedActionException done


Dynamic libraries:
0x00007ff6f5ce0000 - 0x00007ff6f5d15000 	C:\Program Files\Unity\Hub\Editor\2018.4.9f1\Editor\Data\PlaybackEngines\AndroidPlayer\Tools\OpenJDK\Windows\bin\java.exe
0x00007ffec9c60000 - 0x00007ffec9e50000 	C:\WINDOWS\SYSTEM32\ntdll.dll
0x00007ffec8670000 - 0x00007ffec8722000 	C:\WINDOWS\System32\KERNEL32.DLL
0x00007ffec7960000 - 0x00007ffec7c03000 	C:\WINDOWS\System32\KERNELBASE.dll
0x00007ffec85c0000 - 0x00007ffec8663000 	C:\WINDOWS\System32\ADVAPI32.dll
0x00007ffec7d20000 - 0x00007ffec7dbe000 	C:\WINDOWS\System32\msvcrt.dll
0x00007ffec8b30000 - 0x00007ffec8bc7000 	C:\WINDOWS\System32\sechost.dll
0x00007ffec97c0000 - 0x00007ffec98e0000 	C:\WINDOWS\System32\RPCRT4.dll
0x00007ffec8830000 - 0x00007ffec89c4000 	C:\WINDOWS\System32\USER32.dll
0x00007ffec7410000 - 0x00007ffec7431000 	C:\WINDOWS\System32\win32u.dll
0x00007ffec8800000 - 0x00007ffec8826000 	C:\WINDOWS\System32\GDI32.dll
0x00007ffec76b0000 - 0x00007ffec7844000 	C:\WINDOWS\System32\gdi32full.dll
0x00007ffec7370000 - 0x00007ffec740e000 	C:\WINDOWS\System32\msvcp_win.dll
0x00007ffec7590000 - 0x00007ffec768a000 	C:\WINDOWS\System32\ucrtbase.dll
0x00007ffeba030000 - 0x00007ffeba2b5000 	C:\WINDOWS\WinSxS\amd64_microsoft.windows.common-controls_6595b64144ccf1df_6.0.18362.535_none_e6c3b34713100821\COMCTL32.dll
0x00007ffec98e0000 - 0x00007ffec9c16000 	C:\WINDOWS\System32\combase.dll
0x00007ffec7c10000 - 0x00007ffec7c90000 	C:\WINDOWS\System32\bcryptPrimitives.dll
0x00007ffec84c0000 - 0x00007ffec84ee000 	C:\WINDOWS\System32\IMM32.DLL
0x000000006b0b0000 - 0x000000006b182000 	C:\Program Files\Unity\Hub\Editor\2018.4.9f1\Editor\Data\PlaybackEngines\AndroidPlayer\Tools\OpenJDK\Windows\jre\bin\msvcr100.dll
0x000000006a860000 - 0x000000006b0a9000 	C:\Program Files\Unity\Hub\Editor\2018.4.9f1\Editor\Data\PlaybackEngines\AndroidPlayer\Tools\OpenJDK\Windows\jre\bin\server\jvm.dll
0x00007ffec9110000 - 0x00007ffec9118000 	C:\WINDOWS\System32\PSAPI.DLL
0x00007ffec2fc0000 - 0x00007ffec2fc9000 	C:\WINDOWS\SYSTEM32\WSOCK32.dll
0x00007ffeb5430000 - 0x00007ffeb5454000 	C:\WINDOWS\SYSTEM32\WINMM.dll
0x00007ffec2d20000 - 0x00007ffec2d2a000 	C:\WINDOWS\SYSTEM32\VERSION.dll
0x00007ffec90a0000 - 0x00007ffec910f000 	C:\WINDOWS\System32\WS2_32.dll
0x00007ffeb5400000 - 0x00007ffeb542d000 	C:\WINDOWS\SYSTEM32\winmmbase.dll
0x00007ffec7c90000 - 0x00007ffec7cda000 	C:\WINDOWS\System32\cfgmgr32.dll
0x00007ffea7700000 - 0x00007ffea770f000 	C:\Program Files\Unity\Hub\Editor\2018.4.9f1\Editor\Data\PlaybackEngines\AndroidPlayer\Tools\OpenJDK\Windows\jre\bin\verify.dll
0x00007ffe90fd0000 - 0x00007ffe90ff9000 	C:\Program Files\Unity\Hub\Editor\2018.4.9f1\Editor\Data\PlaybackEngines\AndroidPlayer\Tools\OpenJDK\Windows\jre\bin\java.dll
0x00007ffe98a60000 - 0x00007ffe98a76000 	C:\Program Files\Unity\Hub\Editor\2018.4.9f1\Editor\Data\PlaybackEngines\AndroidPlayer\Tools\OpenJDK\Windows\jre\bin\zip.dll
0x00007ffec7dd0000 - 0x00007ffec84b5000 	C:\WINDOWS\System32\SHELL32.dll
0x00007ffec8bd0000 - 0x00007ffec8c79000 	C:\WINDOWS\System32\shcore.dll
0x00007ffec6bf0000 - 0x00007ffec736f000 	C:\WINDOWS\System32\windows.storage.dll
0x00007ffec6bd0000 - 0x00007ffec6bef000 	C:\WINDOWS\System32\profapi.dll
0x00007ffec6b60000 - 0x00007ffec6baa000 	C:\WINDOWS\System32\powrprof.dll
0x00007ffec6b30000 - 0x00007ffec6b40000 	C:\WINDOWS\System32\UMPDC.dll
0x00007ffec8fe0000 - 0x00007ffec9032000 	C:\WINDOWS\System32\shlwapi.dll
0x00007ffec6b40000 - 0x00007ffec6b51000 	C:\WINDOWS\System32\kernel.appcore.dll
0x00007ffec7690000 - 0x00007ffec76a7000 	C:\WINDOWS\System32\cryptsp.dll

VM Arguments:
jvm_args: -Dcom.android.sdkmanager.toolsdir=C:\Users\user\AppData\Local\Android\Sdk\tools\bin\\.. 
java_command: com.android.sdklib.tool.AvdManagerCli list target -c
java_class_path (initial): C:\Users\user\AppData\Local\Android\Sdk\tools\bin\..\lib\dvlib-26.0.0-dev.jar;C:\Users\user\AppData\Local\Android\Sdk\tools\bin\..\lib\jimfs-1.1.jar;C:\Users\user\AppData\Local\Android\Sdk\tools\bin\..\lib\jsr305-1.3.9.jar;C:\Users\user\AppData\Local\Android\Sdk\tools\bin\..\lib\repository-26.0.0-dev.jar;C:\Users\user\AppData\Local\Android\Sdk\tools\bin\..\lib\j2objc-annotations-1.1.jar;C:\Users\user\AppData\Local\Android\Sdk\tools\bin\..\lib\layoutlib-api-26.0.0-dev.jar;C:\Users\user\AppData\Local\Android\Sdk\tools\bin\..\lib\gson-2.3.jar;C:\Users\user\AppData\Local\Android\Sdk\tools\bin\..\lib\httpcore-4.2.5.jar;C:\Users\user\AppData\Local\Android\Sdk\tools\bin\..\lib\commons-logging-1.1.1.jar;C:\Users\user\AppData\Local\Android\Sdk\tools\bin\..\lib\commons-compress-1.12.jar;C:\Users\user\AppData\Local\Android\Sdk\tools\bin\..\lib\annotations-26.0.0-dev.jar;C:\Users\user\AppData\Local\Android\Sdk\tools\bin\..\lib\error_prone_annotations-2.0.18.jar;C:\Users\user\AppData\Local\Android\Sdk\tools\bin\..\lib\animal-sniffer-annotations-1.14.jar;C:\Users\user\AppData\Local\Android\Sdk\tools\bin\..\lib\httpclient-4.2.6.jar;C:\Users\user\AppData\Local\Android\Sdk\tools\bin\..\lib\commons-codec-1.6.jar;C:\Users\user\AppData\Local\Android\Sdk\tools\bin\..\lib\common-26.0.0-dev.jar;C:\Users\user\AppData\Local\Android\Sdk\tools\bin\..\lib\kxml2-2.3.0.jar;C:\Users\user\AppData\Local\Android\Sdk\tools\bin\..\lib\httpmime-4.1.jar;C:\Users\user\AppData\Local\Android\Sdk\tools\bin\..\lib\annotations-12.0.jar;C:\Users\user\AppData\Local\Android\Sdk\tools\bin\..\lib\sdklib-26.0.0-dev.jar;C:\Users\user\AppData\Local\Android\Sdk\tools\bin\..\lib\guava-22.0.jar
Launcher Type: SUN_STANDARD

Environment Variables:
JAVA_HOME=C:\Program Files\Unity\Hub\Editor\2018.4.9f1\Editor\Data\PlaybackEngines\AndroidPlayer/Tools\OpenJDK\Windows
CLASSPATH=C:\Users\user\AppData\Local\Android\Sdk\tools\bin\..\lib\dvlib-26.0.0-dev.jar;C:\Users\user\AppData\Local\Android\Sdk\tools\bin\..\lib\jimfs-1.1.jar;C:\Users\user\AppData\Local\Android\Sdk\tools\bin\..\lib\jsr305-1.3.9.jar;C:\Users\user\AppData\Local\Android\Sdk\tools\bin\..\lib\repository-26.0.0-dev.jar;C:\Users\user\AppData\Local\Android\Sdk\tools\bin\..\lib\j2objc-annotations-1.1.jar;C:\Users\user\AppData\Local\Android\Sdk\tools\bin\..\lib\layoutlib-api-26.0.0-dev.jar;C:\Users\user\AppData\Local\Android\Sdk\tools\bin\..\lib\gson-2.3.jar;C:\Users\user\AppData\Local\Android\Sdk\tools\bin\..\lib\httpcore-4.2.5.jar;C:\Users\user\AppData\Local\Android\Sdk\tools\bin\..\lib\commons-logging-1.1.1.jar;C:\Users\user\AppData\Local\Android\Sdk\tools\bin\..\lib\commons-compress-1.12.jar;C:\Users\user\AppData\Local\Android\Sdk\tools\bin\..\lib\annotations-26.0.0-dev.jar;C:\Users\user\AppData\Local\Android\Sdk\tools\bin\..\lib\error_prone_annotations-2.0.18.jar;C:\Users\user\AppData\Local\Android\Sdk\tools\bin\..\lib\animal-sniffer-annotations-1.14.jar;C:\Users\user\AppData\Local\Android\Sdk\tools\bin\..\lib\httpclient-4.2.6.jar;C:\Users\user\AppData\Local\Android\Sdk\tools\bin\..\lib\commons-codec-1.6.jar;C:\Users\user\AppData\Local\Android\Sdk\tools\bin\..\lib\common-26.0.0-dev.jar;C:\Users\user\AppData\Local\Android\Sdk\tools\bin\..\lib\kxml2-2.3.0.jar;C:\Users\user\AppData\Local\Android\Sdk\tools\bin\..\lib\httpmime-4.1.jar;C:\Users\user\AppData\Local\Android\Sdk\tools\bin\..\lib\annotations-12.0.jar;C:\Users\user\AppData\Local\Android\Sdk\tools\bin\..\lib\sdklib-26.0.0-dev.jar;C:\Users\user\AppData\Local\Android\Sdk\tools\bin\..\lib\guava-22.0.jar
PATH=C:\Program Files (x86)\Common Files\Oracle\Java\javapath;C:\Program Files (x86)\Intel\iCLS Client\;C:\Program Files\Intel\iCLS Client\;C:\Windows\system32;C:\Windows;C:\Windows\System32\Wbem;C:\Windows\System32\WindowsPowerShell\v1.0\;C:\Program Files (x86)\Intel\Intel(R) Management Engine Components\DAL;C:\Program Files\Intel\Intel(R) Management Engine Components\DAL;C:\Program Files (x86)\Intel\Intel(R) Management Engine Components\IPT;C:\Program Files\Intel\Intel(R) Management Engine Components\IPT;C:\Program Files (x86)\NVIDIA Corporation\PhysX\Common;C:\WINDOWS\system32;C:\WINDOWS;C:\WINDOWS\System32\Wbem;C:\WINDOWS\System32\WindowsPowerShell\v1.0\;C:\WINDOWS\System32\OpenSSH\;C:\Program Files (x86)\GtkSharp\2.12\bin;C:\Program Files\Common Files\Autodesk Shared\;C:\Program Files (x86)\Autodesk\Backburner\;C:\Program Files\TortoiseSVN\bin;C:\Program Files\dotnet\;C:\Program Files\TortoiseGit\bin;C:\Program Files\Git\cmd;C:\Program Files\Git LFS;C:\Users\user\AppData\Local\Microsoft\WindowsApps;C:\Users\user\AppData\Local\Programs\Microsoft VS Code\bin;C:\Users\user\AppData\Local\Android\Sdk\platform-tools;
USERNAME=user
OS=Windows_NT
PROCESSOR_IDENTIFIER=Intel64 Family 6 Model 158 Stepping 9, GenuineIntel



---------------  S Y S T E M  ---------------

OS: Windows 10.0 , 64 bit Build 18362 (10.0.18362.329)

CPU:total 8 (initial active 8) (4 cores per cpu, 2 threads per core) family 6 model 158 stepping 9, cmov, cx8, fxsr, mmx, sse, sse2, sse3, ssse3, sse4.1, sse4.2, popcnt, avx, avx2, aes, clmul, erms, rtm, 3dnowpref, lzcnt, ht, tsc, tscinvbit, bmi1, bmi2, adx

Memory: 4k page, physical 16729104k(349632k free), swap 32220556k(2988k free)

vm_info: OpenJDK 64-Bit Server VM (25.71-b00) for windows-amd64 JRE (1.8.0-adoptopenjdk-_2018_05_19_00_59-b00), built on May 19 2018 01:02:12 by "jenkins" with MS VC++ 10.0 (VS2010)

time: Thu Jan 02 17:27:52 2020
elapsed time: 0 seconds (0d 0h 0m 0s)

